Using pre-set license
Built from '2020.3/release' branch; Version is '2020.3.15f2 (6cf78cb77498) revision 7141260'; Using compiler version '192528614'; Build Type 'Release'
OS: 'Windows 10 Pro; OS build 19042.1165; Version 2009; 64bit' Language: 'es' Physical Memory: 14284 MB
BatchMode: 1, IsHumanControllingUs: 0, StartBugReporterOnCrash: 0, Is64bit: 1, IsPro: 0

 COMMAND LINE ARGUMENTS:
C:\Program Files\Unity\Hub\Editor\2020.3.15f2\Editor\Unity.exe
-adb2
-batchMode
-noUpm
-name
AssetImportWorker0
-projectPath
C:/Users/Administrador/Documents/VideojuegoPayaso
-logFile
Logs/AssetImportWorker0.log
-srvPort
64428
Successfully changed project path to: C:/Users/Administrador/Documents/VideojuegoPayaso
C:/Users/Administrador/Documents/VideojuegoPayaso
Using Asset Import Pipeline V2.
Refreshing native plugins compatible for Editor in 87.85 ms, found 3 plugins.
Preloading 0 native plugins for Editor in 0.00 ms.
Initialize engine version: 2020.3.15f2 (6cf78cb77498)
[Subsystems] Discovering subsystems at path C:/Program Files/Unity/Hub/Editor/2020.3.15f2/Editor/Data/Resources/UnitySubsystems
[Subsystems] Discovering subsystems at path C:/Users/Administrador/Documents/VideojuegoPayaso/Assets
GfxDevice: creating device client; threaded=0
Direct3D:
    Version:  Direct3D 11.0 [level 11.1]
    Renderer: AMD Radeon(TM) Vega 8 Graphics (ID=0x15d8)
    Vendor:   
    VRAM:     7142 MB
    Driver:   27.20.22001.14011
Initialize mono
Mono path[0] = 'C:/Program Files/Unity/Hub/Editor/2020.3.15f2/Editor/Data/Managed'
Mono path[1] = 'C:/Program Files/Unity/Hub/Editor/2020.3.15f2/Editor/Data/MonoBleedingEdge/lib/mono/unityjit'
Mono config path = 'C:/Program Files/Unity/Hub/Editor/2020.3.15f2/Editor/Data/MonoBleedingEdge/etc'
Using monoOptions --debugger-agent=transport=dt_socket,embedding=1,server=y,suspend=n,address=127.0.0.1:56980
Begin MonoManager ReloadAssembly
Registering precompiled unity dll's ...
Register platform support module: C:/Program Files/Unity/Hub/Editor/2020.3.15f2/Editor/Data/PlaybackEngines/WebGLSupport/UnityEditor.WebGL.Extensions.dll
Register platform support module: C:/Program Files/Unity/Hub/Editor/2020.3.15f2/Editor/Data/PlaybackEngines/WindowsStandaloneSupport/UnityEditor.WindowsStandalone.Extensions.dll
Registered in 0.002736 seconds.
Native extension for WindowsStandalone target not found
Native extension for WebGL target not found
Refreshing native plugins compatible for Editor in 89.19 ms, found 3 plugins.
Preloading 0 native plugins for Editor in 0.00 ms.
Mono: successfully reloaded assembly
- Completed reload, in  1.503 seconds
Domain Reload Profiling:
	ReloadAssembly (1504ms)
		BeginReloadAssembly (67ms)
			ExecutionOrderSort (0ms)
			DisableScriptedObjects (0ms)
			BackupInstance (0ms)
			ReleaseScriptingObjects (0ms)
			CreateAndSetChildDomain (1ms)
		EndReloadAssembly (566ms)
			LoadAssemblies (64ms)
			RebuildTransferFunctionScriptingTraits (0ms)
			SetupTypeCache (186ms)
			ReleaseScriptCaches (0ms)
			RebuildScriptCaches (37ms)
			SetupLoadedEditorAssemblies (253ms)
				LogAssemblyErrors (0ms)
				InitializePlatformSupportModulesInManaged (6ms)
				SetLoadedEditorAssemblies (0ms)
				RefreshPlugins (89ms)
				BeforeProcessingInitializeOnLoad (17ms)
				ProcessInitializeOnLoadAttributes (103ms)
				ProcessInitializeOnLoadMethodAttributes (37ms)
				AfterProcessingInitializeOnLoad (0ms)
				EditorAssembliesLoaded (0ms)
			ExecutionOrderSort2 (0ms)
			AwakeInstancesAfterBackupRestoration (0ms)
Platform modules already initialized, skipping
Registering precompiled user dll's ...
Registered in 0.005361 seconds.
Begin MonoManager ReloadAssembly
Native extension for WindowsStandalone target not found
Native extension for WebGL target not found
Refreshing native plugins compatible for Editor in 86.89 ms, found 3 plugins.
Preloading 0 native plugins for Editor in 0.00 ms.
Mono: successfully reloaded assembly
- Completed reload, in  1.624 seconds
Domain Reload Profiling:
	ReloadAssembly (1625ms)
		BeginReloadAssembly (185ms)
			ExecutionOrderSort (0ms)
			DisableScriptedObjects (7ms)
			BackupInstance (0ms)
			ReleaseScriptingObjects (0ms)
			CreateAndSetChildDomain (22ms)
		EndReloadAssembly (1352ms)
			LoadAssemblies (116ms)
			RebuildTransferFunctionScriptingTraits (0ms)
			SetupTypeCache (379ms)
			ReleaseScriptCaches (1ms)
			RebuildScriptCaches (56ms)
			SetupLoadedEditorAssemblies (639ms)
				LogAssemblyErrors (0ms)
				InitializePlatformSupportModulesInManaged (6ms)
				SetLoadedEditorAssemblies (0ms)
				RefreshPlugins (87ms)
				BeforeProcessingInitializeOnLoad (120ms)
				ProcessInitializeOnLoadAttributes (399ms)
				ProcessInitializeOnLoadMethodAttributes (17ms)
				AfterProcessingInitializeOnLoad (10ms)
				EditorAssembliesLoaded (0ms)
			ExecutionOrderSort2 (0ms)
			AwakeInstancesAfterBackupRestoration (7ms)
Platform modules already initialized, skipping
========================================================================
Worker process is ready to serve import requests
Launched and connected shader compiler UnityShaderCompiler.exe after 0.05 seconds
Refreshing native plugins compatible for Editor in 0.79 ms, found 3 plugins.
Preloading 0 native plugins for Editor in 0.00 ms.
Unloading 2421 Unused Serialized files (Serialized files now loaded: 0)
System memory in use before: 109.1 MB.
System memory in use after: 109.2 MB.

Unloading 35 unused Assets to reduce memory usage. Loaded Objects now: 2856.
Total: 3.203500 ms (FindLiveObjects: 0.274300 ms CreateObjectMapping: 0.064700 ms MarkObjects: 2.702400 ms  DeleteObjects: 0.160500 ms)

AssetImportParameters requested are different than current active one (requested -> active):
  custom:framework-win-MediaFoundation: 216162199b28c13a410421893ffa2e32 -> 
  custom:video-decoder-ogg-theora: a1e56fd34408186e4bbccfd4996cb3dc -> 
  custom:container-muxer-webm: aa71ff27fc2769a1b78a27578f13a17b -> 
  custom:container-demuxer-webm: 4f35f7cbe854078d1ac9338744f61a02 -> 
  custom:container-demuxer-ogg: 62fdf1f143b41e24485cea50d1cbac27 -> 
  custom:video-encoder-webm-vp8: eb34c28f22e8b96e1ab97ce403110664 -> 
  custom:video-decoder-webm-vp8: 9c59270c3fd7afecdb556c50c9e8de78 -> 
  custom:audio-decoder-ogg-vorbis: bf7c407c2cedff20999df2af8eb42d56 -> 
  custom:audio-encoder-webm-vorbis: bf7c407c2cedff20999df2af8eb42d56 -> 
========================================================================
Received Import Request.
  path: Assets/Paleta
  artifactKey: Guid(2eefbe2b2f4dcc849aa51522a3768f17) Importer(815301076,1909f56bfc062723c751e8b465ee728b)
Start importing Assets/Paleta using Guid(2eefbe2b2f4dcc849aa51522a3768f17) Importer(815301076,1909f56bfc062723c751e8b465ee728b)  -> (artifact id: '769017c583bf3eb3e37c9050cbbc3978') in 0.018294 seconds 
  Import took 0.022713 seconds .

========================================================================
Received Import Request.
  Time since last request: 44.838138 seconds.
  path: Assets/Sonidos
  artifactKey: Guid(7a326b2947e065a4ca4c6e5c9b03db22) Importer(815301076,1909f56bfc062723c751e8b465ee728b)
Start importing Assets/Sonidos using Guid(7a326b2947e065a4ca4c6e5c9b03db22) Importer(815301076,1909f56bfc062723c751e8b465ee728b)  -> (artifact id: 'ba0260e8a1aa2c71961e11486de95b0b') in 0.016110 seconds 
  Import took 0.021748 seconds .

========================================================================
Received Import Request.
  Time since last request: 22.313764 seconds.
  path: Assets/Game/Sonidos/animations
  artifactKey: Guid(582f68e3a11704849960815bd8daf958) Importer(815301076,1909f56bfc062723c751e8b465ee728b)
Start importing Assets/Game/Sonidos/animations using Guid(582f68e3a11704849960815bd8daf958) Importer(815301076,1909f56bfc062723c751e8b465ee728b)  -> (artifact id: '3e1e932f44445625e74125054dcae07a') in 0.015224 seconds 
  Import took 0.019965 seconds .

========================================================================
Received Import Request.
  Time since last request: 2.202444 seconds.
  path: Assets/Game/Sonidos/Movimientos
  artifactKey: Guid(3c8ec07c52e80ea40b986030ee87cbea) Importer(815301076,1909f56bfc062723c751e8b465ee728b)
Start importing Assets/Game/Sonidos/Movimientos using Guid(3c8ec07c52e80ea40b986030ee87cbea) Importer(815301076,1909f56bfc062723c751e8b465ee728b)  -> (artifact id: '423657c81326c694053bf5fb858b3b38') in 0.019175 seconds 
  Import took 0.024563 seconds .

========================================================================
Received Import Request.
  Time since last request: 0.092377 seconds.
  path: Assets/Game/Sonidos/Movimientos/Payaso.inputactions
  artifactKey: Guid(fafac36c77c8d974ca09f9722482c753) Importer(815301076,1909f56bfc062723c751e8b465ee728b)
Start importing Assets/Game/Sonidos/Movimientos/Payaso.inputactions using Guid(fafac36c77c8d974ca09f9722482c753) Importer(815301076,1909f56bfc062723c751e8b465ee728b)  -> (artifact id: 'e2226402613beddf3d30356f0dbb606c') in 0.060760 seconds 
  Import took 0.066358 seconds .

========================================================================
Received Import Request.
  Time since last request: 2.173129 seconds.
  path: Assets/Game/Sonidos/Paleta
  artifactKey: Guid(404a51243cc644b4c8f772911a1fd400) Importer(815301076,1909f56bfc062723c751e8b465ee728b)
Start importing Assets/Game/Sonidos/Paleta using Guid(404a51243cc644b4c8f772911a1fd400) Importer(815301076,1909f56bfc062723c751e8b465ee728b)  -> (artifact id: 'fd6a3f6f2f500d2b14bee8444ad0beac') in 0.005112 seconds 
  Import took 0.012259 seconds .

========================================================================
Received Import Request.
  Time since last request: 0.065919 seconds.
  path: Assets/Game/Sonidos/Paleta/PaletaMapa.prefab
  artifactKey: Guid(e843a405cf906c14a9c424df82df2e6b) Importer(815301076,1909f56bfc062723c751e8b465ee728b)
Start importing Assets/Game/Sonidos/Paleta/PaletaMapa.prefab using Guid(e843a405cf906c14a9c424df82df2e6b) Importer(815301076,1909f56bfc062723c751e8b465ee728b)  -> (artifact id: '78cf3931087bb589f4dbd561cf4174d2') in 0.175297 seconds 
  Import took 0.183159 seconds .

========================================================================
Received Import Request.
  Time since last request: 0.000204 seconds.
  path: Assets/Game/Sonidos/Paleta/sprites_17.asset
  artifactKey: Guid(e89b08611795b964f83a80ae5d01236f) Importer(815301076,1909f56bfc062723c751e8b465ee728b)
Start importing Assets/Game/Sonidos/Paleta/sprites_17.asset using Guid(e89b08611795b964f83a80ae5d01236f) Importer(815301076,1909f56bfc062723c751e8b465ee728b)  -> (artifact id: 'ffb45728d2cf4f798555bcc931a569e8') in 0.039211 seconds 
  Import took 0.046104 seconds .

========================================================================
Received Import Request.
  Time since last request: 0.000208 seconds.
  path: Assets/Game/Sonidos/Paleta/sprites_24.asset
  artifactKey: Guid(11b3b232e22d8eb49b75f3f036dcd319) Importer(815301076,1909f56bfc062723c751e8b465ee728b)
Start importing Assets/Game/Sonidos/Paleta/sprites_24.asset using Guid(11b3b232e22d8eb49b75f3f036dcd319) Importer(815301076,1909f56bfc062723c751e8b465ee728b)  -> (artifact id: 'f9279916889d161368416351be38a08c') in 0.023797 seconds 
  Import took 0.028129 seconds .

========================================================================
Received Import Request.
  Time since last request: 0.000173 seconds.
  path: Assets/Game/Sonidos/Paleta/sprites_22.asset
  artifactKey: Guid(6068fb050866a3540925ba2410cc0c3a) Importer(815301076,1909f56bfc062723c751e8b465ee728b)
Start importing Assets/Game/Sonidos/Paleta/sprites_22.asset using Guid(6068fb050866a3540925ba2410cc0c3a) Importer(815301076,1909f56bfc062723c751e8b465ee728b)  -> (artifact id: '4041481b7643fa1ef0156dd94ffdb77a') in 0.033372 seconds 
  Import took 0.039032 seconds .

========================================================================
Received Import Request.
  Time since last request: 0.000209 seconds.
  path: Assets/Game/Sonidos/Paleta/sprites_7.asset
  artifactKey: Guid(f0ba49021b1a49242a6124d28b6e7a51) Importer(815301076,1909f56bfc062723c751e8b465ee728b)
Start importing Assets/Game/Sonidos/Paleta/sprites_7.asset using Guid(f0ba49021b1a49242a6124d28b6e7a51) Importer(815301076,1909f56bfc062723c751e8b465ee728b)  -> (artifact id: 'd0703a73b0c2baa061ce7c0cbfc2cf8f') in 0.023358 seconds 
  Import took 0.028460 seconds .

========================================================================
Received Import Request.
  Time since last request: 0.000184 seconds.
  path: Assets/Game/Sonidos/Paleta/sprites_32.asset
  artifactKey: Guid(01c3115fb4734c440afc4de8778e38b9) Importer(815301076,1909f56bfc062723c751e8b465ee728b)
Start importing Assets/Game/Sonidos/Paleta/sprites_32.asset using Guid(01c3115fb4734c440afc4de8778e38b9) Importer(815301076,1909f56bfc062723c751e8b465ee728b)  -> (artifact id: '03e2f96865f61b1b2351b3ddd42f01e4') in 0.023953 seconds 
  Import took 0.029843 seconds .

========================================================================
Received Import Request.
  Time since last request: 0.000207 seconds.
  path: Assets/Game/Sonidos/Paleta/sprites_39.asset
  artifactKey: Guid(3bd9a798e20791440b5a69ab272d16e2) Importer(815301076,1909f56bfc062723c751e8b465ee728b)
Start importing Assets/Game/Sonidos/Paleta/sprites_39.asset using Guid(3bd9a798e20791440b5a69ab272d16e2) Importer(815301076,1909f56bfc062723c751e8b465ee728b)  -> (artifact id: 'bdb3527239acabea034fe2eacf2f100e') in 0.025362 seconds 
  Import took 0.029799 seconds .

========================================================================
Received Import Request.
  Time since last request: 0.000215 seconds.
  path: Assets/Game/Sonidos/Paleta/sprites_38.asset
  artifactKey: Guid(0764d50f8a8ff9b439370cefddef1e6c) Importer(815301076,1909f56bfc062723c751e8b465ee728b)
Start importing Assets/Game/Sonidos/Paleta/sprites_38.asset using Guid(0764d50f8a8ff9b439370cefddef1e6c) Importer(815301076,1909f56bfc062723c751e8b465ee728b)  -> (artifact id: '74cbc7ff83be3a774b9a2b7a65f98e81') in 0.024507 seconds 
  Import took 0.029425 seconds .

========================================================================
Received Import Request.
  Time since last request: 0.000211 seconds.
  path: Assets/Game/Sonidos/Paleta/sprites_8.asset
  artifactKey: Guid(e2c7fe114084ee44cb42b11e9180b63a) Importer(815301076,1909f56bfc062723c751e8b465ee728b)
Start importing Assets/Game/Sonidos/Paleta/sprites_8.asset using Guid(e2c7fe114084ee44cb42b11e9180b63a) Importer(815301076,1909f56bfc062723c751e8b465ee728b)  -> (artifact id: '801fbd800cf07c8d416c8f6426bdfa19') in 0.018567 seconds 
  Import took 0.023802 seconds .

========================================================================
Received Import Request.
  Time since last request: 0.000227 seconds.
  path: Assets/Game/Sonidos/Paleta/sprites_0.asset
  artifactKey: Guid(a780faf1d4d8fb045a5bfb6377360ccb) Importer(815301076,1909f56bfc062723c751e8b465ee728b)
Start importing Assets/Game/Sonidos/Paleta/sprites_0.asset using Guid(a780faf1d4d8fb045a5bfb6377360ccb) Importer(815301076,1909f56bfc062723c751e8b465ee728b)  -> (artifact id: '97af5affd1262ef7755f99807717af87') in 0.018375 seconds 
  Import took 0.023904 seconds .

========================================================================
Received Import Request.
  Time since last request: 0.000228 seconds.
  path: Assets/Game/Sonidos/Paleta/sprites_35.asset
  artifactKey: Guid(3bb0fe6f5fd332942bc6caa99e7bae96) Importer(815301076,1909f56bfc062723c751e8b465ee728b)
Start importing Assets/Game/Sonidos/Paleta/sprites_35.asset using Guid(3bb0fe6f5fd332942bc6caa99e7bae96) Importer(815301076,1909f56bfc062723c751e8b465ee728b)  -> (artifact id: 'bffecad76ca57519ac73cfb1d02eb35e') in 0.015200 seconds 
  Import took 0.019970 seconds .

========================================================================
Received Import Request.
  Time since last request: 0.000229 seconds.
  path: Assets/Game/Sonidos/Paleta/sprites_9.asset
  artifactKey: Guid(661f49217da07a94fb2979c43f7fc292) Importer(815301076,1909f56bfc062723c751e8b465ee728b)
Start importing Assets/Game/Sonidos/Paleta/sprites_9.asset using Guid(661f49217da07a94fb2979c43f7fc292) Importer(815301076,1909f56bfc062723c751e8b465ee728b)  -> (artifact id: 'e14497e3a8aba87669c6e244f262eec0') in 0.016227 seconds 
  Import took 0.020235 seconds .

========================================================================
Received Import Request.
  Time since last request: 0.000182 seconds.
  path: Assets/Game/Sonidos/Paleta/sprites_20.asset
  artifactKey: Guid(57f403b6dfa7d4042a5bfe54feeb90af) Importer(815301076,1909f56bfc062723c751e8b465ee728b)
Start importing Assets/Game/Sonidos/Paleta/sprites_20.asset using Guid(57f403b6dfa7d4042a5bfe54feeb90af) Importer(815301076,1909f56bfc062723c751e8b465ee728b)  -> (artifact id: '74d693140f65e8e3048a1f7c5c7845c8') in 0.015575 seconds 
  Import took 0.019682 seconds .

========================================================================
Received Import Request.
  Time since last request: 0.000175 seconds.
  path: Assets/Game/Sonidos/Paleta/sprites_25.asset
  artifactKey: Guid(9e758ee7a1dd4214990f36df5f938c9e) Importer(815301076,1909f56bfc062723c751e8b465ee728b)
Start importing Assets/Game/Sonidos/Paleta/sprites_25.asset using Guid(9e758ee7a1dd4214990f36df5f938c9e) Importer(815301076,1909f56bfc062723c751e8b465ee728b)  -> (artifact id: '93c68d7cad1d05f82b538015222a291c') in 0.014007 seconds 
  Import took 0.018776 seconds .

========================================================================
Received Import Request.
  Time since last request: 0.000197 seconds.
  path: Assets/Game/Sonidos/Paleta/sprites_5.asset
  artifactKey: Guid(7f0ed2f9eed08324aab8debf9edfc4af) Importer(815301076,1909f56bfc062723c751e8b465ee728b)
Start importing Assets/Game/Sonidos/Paleta/sprites_5.asset using Guid(7f0ed2f9eed08324aab8debf9edfc4af) Importer(815301076,1909f56bfc062723c751e8b465ee728b)  -> (artifact id: '60be666e264521ddc6b27b74487d95e5') in 0.013992 seconds 
  Import took 0.018361 seconds .

========================================================================
Received Import Request.
  Time since last request: 0.000227 seconds.
  path: Assets/Game/Sonidos/Paleta/sprites_33.asset
  artifactKey: Guid(6b9af401bff817245b1e31ffc14d9df8) Importer(815301076,1909f56bfc062723c751e8b465ee728b)
Start importing Assets/Game/Sonidos/Paleta/sprites_33.asset using Guid(6b9af401bff817245b1e31ffc14d9df8) Importer(815301076,1909f56bfc062723c751e8b465ee728b)  -> (artifact id: '63fb334333732e4bf2ac03b3343b451d') in 0.014667 seconds 
  Import took 0.019057 seconds .

========================================================================
Received Import Request.
  Time since last request: 0.000216 seconds.
  path: Assets/Game/Sonidos/Paleta/sprites_1.asset
  artifactKey: Guid(d067c85d2a57a3f40bd1773b0f534622) Importer(815301076,1909f56bfc062723c751e8b465ee728b)
Start importing Assets/Game/Sonidos/Paleta/sprites_1.asset using Guid(d067c85d2a57a3f40bd1773b0f534622) Importer(815301076,1909f56bfc062723c751e8b465ee728b)  -> (artifact id: '1bca6a62775e4e6b65a780605498ffde') in 0.015106 seconds 
  Import took 0.019665 seconds .

========================================================================
Received Import Request.
  Time since last request: 0.000208 seconds.
  path: Assets/Game/Sonidos/Paleta/sprites_30.asset
  artifactKey: Guid(3d7f72aa74d01e141990410a49dfb16e) Importer(815301076,1909f56bfc062723c751e8b465ee728b)
Start importing Assets/Game/Sonidos/Paleta/sprites_30.asset using Guid(3d7f72aa74d01e141990410a49dfb16e) Importer(815301076,1909f56bfc062723c751e8b465ee728b)  -> (artifact id: '01ffe8696a711267cfed09d686852c94') in 0.015053 seconds 
  Import took 0.019570 seconds .

========================================================================
Received Import Request.
  Time since last request: 0.000239 seconds.
  path: Assets/Game/Sonidos/Paleta/sprites_14.asset
  artifactKey: Guid(ad08ca634e9f8e94bb9b5efd372beb6b) Importer(815301076,1909f56bfc062723c751e8b465ee728b)
Start importing Assets/Game/Sonidos/Paleta/sprites_14.asset using Guid(ad08ca634e9f8e94bb9b5efd372beb6b) Importer(815301076,1909f56bfc062723c751e8b465ee728b)  -> (artifact id: '9aa4ccb61d584934e5506181a0d3c0d8') in 0.013464 seconds 
  Import took 0.017595 seconds .

========================================================================
Received Import Request.
  Time since last request: 0.000181 seconds.
  path: Assets/Game/Sonidos/Paleta/sprites_2.asset
  artifactKey: Guid(e8113cff9bd31424784375d9f73e7ad7) Importer(815301076,1909f56bfc062723c751e8b465ee728b)
Start importing Assets/Game/Sonidos/Paleta/sprites_2.asset using Guid(e8113cff9bd31424784375d9f73e7ad7) Importer(815301076,1909f56bfc062723c751e8b465ee728b)  -> (artifact id: 'c20fe7611ccad1982a7a45eb95ab0523') in 0.015771 seconds 
  Import took 0.019806 seconds .

========================================================================
Received Import Request.
  Time since last request: 0.000219 seconds.
  path: Assets/Game/Sonidos/Paleta/sprites_10.asset
  artifactKey: Guid(cb1c2f5b30500a64ca6b040848c4009d) Importer(815301076,1909f56bfc062723c751e8b465ee728b)
Start importing Assets/Game/Sonidos/Paleta/sprites_10.asset using Guid(cb1c2f5b30500a64ca6b040848c4009d) Importer(815301076,1909f56bfc062723c751e8b465ee728b)  -> (artifact id: '0e727c5dae9578f453bb46607c5f95b9') in 0.015982 seconds 
  Import took 0.020168 seconds .

========================================================================
Received Import Request.
  Time since last request: 0.000210 seconds.
  path: Assets/Game/Sonidos/Paleta/sprites_26.asset
  artifactKey: Guid(26488188a12b3ef4ebdbf1249e36707d) Importer(815301076,1909f56bfc062723c751e8b465ee728b)
Start importing Assets/Game/Sonidos/Paleta/sprites_26.asset using Guid(26488188a12b3ef4ebdbf1249e36707d) Importer(815301076,1909f56bfc062723c751e8b465ee728b)  -> (artifact id: '2a4b5589ff7ae832ef94bfade524c184') in 0.016312 seconds 
  Import took 0.022873 seconds .

========================================================================
Received Import Request.
  Time since last request: 0.000220 seconds.
  path: Assets/Game/Sonidos/Paleta/sprites_21.asset
  artifactKey: Guid(9a142de7857c122449e6c4832c04a2de) Importer(815301076,1909f56bfc062723c751e8b465ee728b)
Start importing Assets/Game/Sonidos/Paleta/sprites_21.asset using Guid(9a142de7857c122449e6c4832c04a2de) Importer(815301076,1909f56bfc062723c751e8b465ee728b)  -> (artifact id: '8a0b261a38b1fe51e46165a7c975b3ad') in 0.017980 seconds 
  Import took 0.024172 seconds .

========================================================================
Received Import Request.
  Time since last request: 0.000216 seconds.
  path: Assets/Game/Sonidos/Paleta/sprites_13.asset
  artifactKey: Guid(6d13d2ece2f24554f9cd221bfff1a537) Importer(815301076,1909f56bfc062723c751e8b465ee728b)
Start importing Assets/Game/Sonidos/Paleta/sprites_13.asset using Guid(6d13d2ece2f24554f9cd221bfff1a537) Importer(815301076,1909f56bfc062723c751e8b465ee728b)  -> (artifact id: '6dec94830ad26da481432c8ab7f5b4f3') in 0.018551 seconds 
  Import took 0.023101 seconds .

========================================================================
Received Import Request.
  Time since last request: 0.000192 seconds.
  path: Assets/Game/Sonidos/Paleta/sprites_28.asset
  artifactKey: Guid(4870ab9eb9c061f4daaa90656d024371) Importer(815301076,1909f56bfc062723c751e8b465ee728b)
Start importing Assets/Game/Sonidos/Paleta/sprites_28.asset using Guid(4870ab9eb9c061f4daaa90656d024371) Importer(815301076,1909f56bfc062723c751e8b465ee728b)  -> (artifact id: '2ca3a97e543e7a0b24f7aecd877b3fa8') in 0.016375 seconds 
  Import took 0.020996 seconds .

========================================================================
Received Import Request.
  Time since last request: 0.000254 seconds.
  path: Assets/Game/Sonidos/Paleta/sprites_23.asset
  artifactKey: Guid(bfb1eed46a3525e4ca55e8d334c82cdf) Importer(815301076,1909f56bfc062723c751e8b465ee728b)
Start importing Assets/Game/Sonidos/Paleta/sprites_23.asset using Guid(bfb1eed46a3525e4ca55e8d334c82cdf) Importer(815301076,1909f56bfc062723c751e8b465ee728b)  -> (artifact id: 'b2408a77cf74025cb1108837d84bf905') in 0.017976 seconds 
  Import took 0.022475 seconds .

========================================================================
Received Import Request.
  Time since last request: 0.000258 seconds.
  path: Assets/Game/Sonidos/Paleta/sprites_34.asset
  artifactKey: Guid(7c15162c079b11b42ad48e73970c2a1f) Importer(815301076,1909f56bfc062723c751e8b465ee728b)
Start importing Assets/Game/Sonidos/Paleta/sprites_34.asset using Guid(7c15162c079b11b42ad48e73970c2a1f) Importer(815301076,1909f56bfc062723c751e8b465ee728b)  -> (artifact id: '7069696086e09d780540fe06c2c272d9') in 0.021894 seconds 
  Import took 0.027428 seconds .

========================================================================
Received Import Request.
  Time since last request: 0.000202 seconds.
  path: Assets/Game/Sonidos/Paleta/sprites_27.asset
  artifactKey: Guid(fdf61302b11a8ce47bf416c2f33880d8) Importer(815301076,1909f56bfc062723c751e8b465ee728b)
Start importing Assets/Game/Sonidos/Paleta/sprites_27.asset using Guid(fdf61302b11a8ce47bf416c2f33880d8) Importer(815301076,1909f56bfc062723c751e8b465ee728b)  -> (artifact id: 'b98cfe7d9654a68266bf1961d9ea361e') in 0.015402 seconds 
  Import took 0.019669 seconds .

========================================================================
Received Import Request.
  Time since last request: 0.000240 seconds.
  path: Assets/Game/Sonidos/Paleta/sprites_29.asset
  artifactKey: Guid(db317bcb9b93a8e4e920907b05e825f7) Importer(815301076,1909f56bfc062723c751e8b465ee728b)
Start importing Assets/Game/Sonidos/Paleta/sprites_29.asset using Guid(db317bcb9b93a8e4e920907b05e825f7) Importer(815301076,1909f56bfc062723c751e8b465ee728b)  -> (artifact id: 'fac7f75bae1616348e7a0346a4e94a88') in 0.018682 seconds 
  Import took 0.024072 seconds .

========================================================================
Received Import Request.
  Time since last request: 0.000231 seconds.
  path: Assets/Game/Sonidos/Paleta/sprites_3.asset
  artifactKey: Guid(d9089ff00b9e98740b39900a06d26b70) Importer(815301076,1909f56bfc062723c751e8b465ee728b)
Start importing Assets/Game/Sonidos/Paleta/sprites_3.asset using Guid(d9089ff00b9e98740b39900a06d26b70) Importer(815301076,1909f56bfc062723c751e8b465ee728b)  -> (artifact id: 'affb84a562810d75ee2bfd70544633f7') in 0.020605 seconds 
  Import took 0.025266 seconds .

========================================================================
Received Import Request.
  Time since last request: 0.000315 seconds.
  path: Assets/Game/Sonidos/Paleta/sprites_16.asset
  artifactKey: Guid(2288e1e0acec9ca4f8ba24d4fee6a023) Importer(815301076,1909f56bfc062723c751e8b465ee728b)
Start importing Assets/Game/Sonidos/Paleta/sprites_16.asset using Guid(2288e1e0acec9ca4f8ba24d4fee6a023) Importer(815301076,1909f56bfc062723c751e8b465ee728b)  -> (artifact id: '86f408eba02bbb0551625a51619d285d') in 0.019096 seconds 
  Import took 0.023883 seconds .

========================================================================
Received Import Request.
  Time since last request: 0.000228 seconds.
  path: Assets/Game/Sonidos/Paleta/sprites_18.asset
  artifactKey: Guid(6ce9df3617909bc4b954ea8aa1c324b1) Importer(815301076,1909f56bfc062723c751e8b465ee728b)
Start importing Assets/Game/Sonidos/Paleta/sprites_18.asset using Guid(6ce9df3617909bc4b954ea8aa1c324b1) Importer(815301076,1909f56bfc062723c751e8b465ee728b)  -> (artifact id: 'f37b219fbad4a517dda10b1dadc7c292') in 0.015459 seconds 
  Import took 0.019744 seconds .

========================================================================
Received Import Request.
  Time since last request: 0.000213 seconds.
  path: Assets/Game/Sonidos/Paleta/sprites_36.asset
  artifactKey: Guid(6051306e7487d0c48ae4f02b514e1abb) Importer(815301076,1909f56bfc062723c751e8b465ee728b)
Start importing Assets/Game/Sonidos/Paleta/sprites_36.asset using Guid(6051306e7487d0c48ae4f02b514e1abb) Importer(815301076,1909f56bfc062723c751e8b465ee728b)  -> (artifact id: '82e45749ffa421f5aca186e560a5426c') in 0.016409 seconds 
  Import took 0.021049 seconds .

========================================================================
Received Import Request.
  Time since last request: 0.000220 seconds.
  path: Assets/Game/Sonidos/Paleta/sprites_12.asset
  artifactKey: Guid(e399b61a255197445b535fc448a0ea5c) Importer(815301076,1909f56bfc062723c751e8b465ee728b)
Start importing Assets/Game/Sonidos/Paleta/sprites_12.asset using Guid(e399b61a255197445b535fc448a0ea5c) Importer(815301076,1909f56bfc062723c751e8b465ee728b)  -> (artifact id: 'a16b9585b25fd692e0ad1209f862b8d6') in 0.014618 seconds 
  Import took 0.018991 seconds .

========================================================================
Received Import Request.
  Time since last request: 0.000330 seconds.
  path: Assets/Game/Sonidos/Paleta/sprites_11.asset
  artifactKey: Guid(7568f662317d798458667f2f71ac4e3a) Importer(815301076,1909f56bfc062723c751e8b465ee728b)
Start importing Assets/Game/Sonidos/Paleta/sprites_11.asset using Guid(7568f662317d798458667f2f71ac4e3a) Importer(815301076,1909f56bfc062723c751e8b465ee728b)  -> (artifact id: 'c15df8dddcf14489fedf52fd507822ee') in 0.016258 seconds 
  Import took 0.020459 seconds .

========================================================================
Received Import Request.
  Time since last request: 0.000209 seconds.
  path: Assets/Game/Sonidos/Paleta/sprites_4.asset
  artifactKey: Guid(4075ddc7e19aa504f894672a1382928c) Importer(815301076,1909f56bfc062723c751e8b465ee728b)
Start importing Assets/Game/Sonidos/Paleta/sprites_4.asset using Guid(4075ddc7e19aa504f894672a1382928c) Importer(815301076,1909f56bfc062723c751e8b465ee728b)  -> (artifact id: '631c312a51c9ca9ff455c1c7673da36f') in 0.017888 seconds 
  Import took 0.022196 seconds .

========================================================================
Received Import Request.
  Time since last request: 0.000205 seconds.
  path: Assets/Game/Sonidos/Paleta/sprites_6.asset
  artifactKey: Guid(2590aea723150b84883a7ac3c0076b2f) Importer(815301076,1909f56bfc062723c751e8b465ee728b)
Start importing Assets/Game/Sonidos/Paleta/sprites_6.asset using Guid(2590aea723150b84883a7ac3c0076b2f) Importer(815301076,1909f56bfc062723c751e8b465ee728b)  -> (artifact id: '42b19f017866933f10e3f0351cc90710') in 0.013978 seconds 
  Import took 0.018795 seconds .

========================================================================
Received Import Request.
  Time since last request: 0.000397 seconds.
  path: Assets/Game/Sonidos/Paleta/sprites_15.asset
  artifactKey: Guid(5cd99fa1f04c6cd45a161515a2ce0c27) Importer(815301076,1909f56bfc062723c751e8b465ee728b)
Start importing Assets/Game/Sonidos/Paleta/sprites_15.asset using Guid(5cd99fa1f04c6cd45a161515a2ce0c27) Importer(815301076,1909f56bfc062723c751e8b465ee728b)  -> (artifact id: 'c76ecc92cafeb83c1715eeac86e3269b') in 0.018932 seconds 
  Import took 0.022977 seconds .

========================================================================
Received Import Request.
  Time since last request: 0.000207 seconds.
  path: Assets/Game/Sonidos/Paleta/sprites_31.asset
  artifactKey: Guid(7316469143ac0e44ebb1e3563f391e94) Importer(815301076,1909f56bfc062723c751e8b465ee728b)
Start importing Assets/Game/Sonidos/Paleta/sprites_31.asset using Guid(7316469143ac0e44ebb1e3563f391e94) Importer(815301076,1909f56bfc062723c751e8b465ee728b)  -> (artifact id: 'dd3cfc6138d8100950ffb48049f0a54b') in 0.013821 seconds 
  Import took 0.018452 seconds .

========================================================================
Received Import Request.
  Time since last request: 0.000205 seconds.
  path: Assets/Game/Sonidos/Paleta/sprites_19.asset
  artifactKey: Guid(ab780018a86e31b4ebce5d0e1be08735) Importer(815301076,1909f56bfc062723c751e8b465ee728b)
Start importing Assets/Game/Sonidos/Paleta/sprites_19.asset using Guid(ab780018a86e31b4ebce5d0e1be08735) Importer(815301076,1909f56bfc062723c751e8b465ee728b)  -> (artifact id: 'c4224a7797598b08303f8fcfe53d4f6e') in 0.014469 seconds 
  Import took 0.019161 seconds .

========================================================================
Received Import Request.
  Time since last request: 0.000323 seconds.
  path: Assets/Game/Sonidos/Paleta/sprites_37.asset
  artifactKey: Guid(c003c5965d9980f4e9041d91589227e5) Importer(815301076,1909f56bfc062723c751e8b465ee728b)
Start importing Assets/Game/Sonidos/Paleta/sprites_37.asset using Guid(c003c5965d9980f4e9041d91589227e5) Importer(815301076,1909f56bfc062723c751e8b465ee728b)  -> (artifact id: 'e75ee32af0e6a05a840507dbd6258b35') in 0.015162 seconds 
  Import took 0.019549 seconds .

========================================================================
Received Import Request.
  Time since last request: 0.791877 seconds.
  path: Assets/Game/Sonidos/Scenes
  artifactKey: Guid(8b4610c2e32961446835ba3745cdc34d) Importer(815301076,1909f56bfc062723c751e8b465ee728b)
Start importing Assets/Game/Sonidos/Scenes using Guid(8b4610c2e32961446835ba3745cdc34d) Importer(815301076,1909f56bfc062723c751e8b465ee728b)  -> (artifact id: '6c536a1053c2ffaadf7e6443b165445a') in 0.011425 seconds 
  Import took 0.022610 seconds .

========================================================================
Received Import Request.
  Time since last request: 1.749613 seconds.
  path: Assets/Game/Sonidos/Scripts
  artifactKey: Guid(6f7950c01746bd548a46a4af644611f5) Importer(815301076,1909f56bfc062723c751e8b465ee728b)
Start importing Assets/Game/Sonidos/Scripts using Guid(6f7950c01746bd548a46a4af644611f5) Importer(815301076,1909f56bfc062723c751e8b465ee728b)  -> (artifact id: '911c655c4fccb7de594333c24b8ec43b') in 0.008212 seconds 
  Import took 0.013474 seconds .

========================================================================
Received Import Request.
  Time since last request: 2.043688 seconds.
  path: Assets/Game/Sonidos/Sonidos
  artifactKey: Guid(6d8b5f359f04fba42851f870355b9829) Importer(815301076,1909f56bfc062723c751e8b465ee728b)
Start importing Assets/Game/Sonidos/Sonidos using Guid(6d8b5f359f04fba42851f870355b9829) Importer(815301076,1909f56bfc062723c751e8b465ee728b)  -> (artifact id: 'f1fb4b33e6628f09faedd830c1dbdbbd') in 0.003231 seconds 
  Import took 0.008665 seconds .

========================================================================
Received Import Request.
  Time since last request: 1.879263 seconds.
  path: Assets/Game/Sonidos/Sonidos/animations
  artifactKey: Guid(d83aab561f7fd994dbab062a95d22561) Importer(815301076,1909f56bfc062723c751e8b465ee728b)
Start importing Assets/Game/Sonidos/Sonidos/animations using Guid(d83aab561f7fd994dbab062a95d22561) Importer(815301076,1909f56bfc062723c751e8b465ee728b)  -> (artifact id: '824d343429beee6cdfe2bb406fbe7118') in 0.003899 seconds 
  Import took 0.009178 seconds .

========================================================================
Received Import Request.
  Time since last request: 2.287620 seconds.
  path: Assets/Game/Sonidos/Sonidos/Scenes
  artifactKey: Guid(16877465eb501574bb9d5823cb8bff80) Importer(815301076,1909f56bfc062723c751e8b465ee728b)
Start importing Assets/Game/Sonidos/Sonidos/Scenes using Guid(16877465eb501574bb9d5823cb8bff80) Importer(815301076,1909f56bfc062723c751e8b465ee728b)  -> (artifact id: '4d6250e9196c12f6a6c02b0f44cef3fa') in 0.004168 seconds 
  Import took 0.009740 seconds .

========================================================================
Received Import Request.
  Time since last request: 0.564816 seconds.
  path: Assets/Game/Sonidos/Sonidos/Scripts
  artifactKey: Guid(bbe7373ad5668df46ab54ab2f5ee9232) Importer(815301076,1909f56bfc062723c751e8b465ee728b)
Start importing Assets/Game/Sonidos/Sonidos/Scripts using Guid(bbe7373ad5668df46ab54ab2f5ee9232) Importer(815301076,1909f56bfc062723c751e8b465ee728b)  -> (artifact id: 'fb06a200648957bb63ad25cc34e7b648') in 0.004216 seconds 
  Import took 0.009159 seconds .

========================================================================
Received Import Request.
  Time since last request: 5.903262 seconds.
  path: Assets/Game/Movimientos
  artifactKey: Guid(bd40753d9747a7a4693aa9b3a01865ea) Importer(815301076,1909f56bfc062723c751e8b465ee728b)
Start importing Assets/Game/Movimientos using Guid(bd40753d9747a7a4693aa9b3a01865ea) Importer(815301076,1909f56bfc062723c751e8b465ee728b)  -> (artifact id: '25181a8252efd815690376b025c2f65b') in 0.003482 seconds 
  Import took 0.007846 seconds .

========================================================================
Received Import Request.
  Time since last request: 0.200221 seconds.
  path: Assets/Game/Movimientos/Payaso.inputactions
  artifactKey: Guid(039c0c99ae922b4498c995b1b63d80cc) Importer(815301076,1909f56bfc062723c751e8b465ee728b)
Start importing Assets/Game/Movimientos/Payaso.inputactions using Guid(039c0c99ae922b4498c995b1b63d80cc) Importer(815301076,1909f56bfc062723c751e8b465ee728b)  -> (artifact id: 'd8b52618db5094d64193316445b55ac2') in 0.004335 seconds 
  Import took 0.009229 seconds .

========================================================================
Received Prepare
Registering precompiled user dll's ...
Registered in 0.005607 seconds.
Begin MonoManager ReloadAssembly
Native extension for WindowsStandalone target not found
Native extension for WebGL target not found
Refreshing native plugins compatible for Editor in 0.84 ms, found 3 plugins.
Preloading 0 native plugins for Editor in 0.00 ms.
Invalid AssetDatabase path: /Editor/EditorResources/cm_logo_sm.png. Use path relative to the project folder.
UnityEngine.StackTraceUtility:ExtractStackTrace ()
UnityEditor.AssetDatabase:LoadAssetAtPath<UnityEngine.Texture2D> (string)
Cinemachine.Editor.CinemachineSettings:get_CinemachineLogoTexture () (at Library/PackageCache/com.unity.cinemachine@2.6.9/Editor/Windows/CinemachineSettings.cs:205)
Cinemachine.Editor.CinemachineSettings:.cctor () (at Library/PackageCache/com.unity.cinemachine@2.6.9/Editor/Windows/CinemachineSettings.cs:237)
Cinemachine.CinemachineColliderPrefs:.cctor () (at Library/PackageCache/com.unity.cinemachine@2.6.9/Editor/Windows/CinemachineColliderPrefs.cs:61)
System.Runtime.CompilerServices.RuntimeHelpers:RunClassConstructor (System.RuntimeTypeHandle)
UnityEditor.EditorAssemblies:ProcessInitializeOnLoadAttributes (System.Type[])

[Library/PackageCache/com.unity.cinemachine@2.6.9/Editor/Windows/CinemachineSettings.cs line 205]

Mono: successfully reloaded assembly
- Completed reload, in  1.470 seconds
Domain Reload Profiling:
	ReloadAssembly (1471ms)
		BeginReloadAssembly (151ms)
			ExecutionOrderSort (0ms)
			DisableScriptedObjects (10ms)
			BackupInstance (0ms)
			ReleaseScriptingObjects (0ms)
			CreateAndSetChildDomain (43ms)
		EndReloadAssembly (1236ms)
			LoadAssemblies (120ms)
			RebuildTransferFunctionScriptingTraits (0ms)
			SetupTypeCache (379ms)
			ReleaseScriptCaches (1ms)
			RebuildScriptCaches (60ms)
			SetupLoadedEditorAssemblies (545ms)
				LogAssemblyErrors (0ms)
				InitializePlatformSupportModulesInManaged (6ms)
				SetLoadedEditorAssemblies (1ms)
				RefreshPlugins (1ms)
				BeforeProcessingInitializeOnLoad (118ms)
				ProcessInitializeOnLoadAttributes (405ms)
				ProcessInitializeOnLoadMethodAttributes (7ms)
				AfterProcessingInitializeOnLoad (8ms)
				EditorAssembliesLoaded (0ms)
			ExecutionOrderSort2 (0ms)
			AwakeInstancesAfterBackupRestoration (15ms)
Platform modules already initialized, skipping
Refreshing native plugins compatible for Editor in 0.67 ms, found 3 plugins.
Preloading 0 native plugins for Editor in 0.00 ms.
Unloading 2536 Unused Serialized files (Serialized files now loaded: 0)
System memory in use before: 116.3 MB.
System memory in use after: 116.3 MB.

Unloading 36 unused Assets to reduce memory usage. Loaded Objects now: 3002.
Total: 3.869700 ms (FindLiveObjects: 0.323700 ms CreateObjectMapping: 0.093200 ms MarkObjects: 3.255700 ms  DeleteObjects: 0.194800 ms)

AssetImportParameters requested are different than current active one (requested -> active):
  custom:framework-win-MediaFoundation: 216162199b28c13a410421893ffa2e32 -> 
  custom:video-decoder-ogg-theora: a1e56fd34408186e4bbccfd4996cb3dc -> 
  custom:container-muxer-webm: aa71ff27fc2769a1b78a27578f13a17b -> 
  custom:container-demuxer-webm: 4f35f7cbe854078d1ac9338744f61a02 -> 
  custom:container-demuxer-ogg: 62fdf1f143b41e24485cea50d1cbac27 -> 
  custom:video-encoder-webm-vp8: eb34c28f22e8b96e1ab97ce403110664 -> 
  custom:video-decoder-webm-vp8: 9c59270c3fd7afecdb556c50c9e8de78 -> 
  custom:audio-decoder-ogg-vorbis: bf7c407c2cedff20999df2af8eb42d56 -> 
  custom:audio-encoder-webm-vorbis: bf7c407c2cedff20999df2af8eb42d56 -> 
========================================================================
Received Prepare
Registering precompiled user dll's ...
Registered in 0.005076 seconds.
Begin MonoManager ReloadAssembly
Native extension for WindowsStandalone target not found
Native extension for WebGL target not found
Refreshing native plugins compatible for Editor in 0.77 ms, found 3 plugins.
Preloading 0 native plugins for Editor in 0.00 ms.
Mono: successfully reloaded assembly
- Completed reload, in  1.566 seconds
Domain Reload Profiling:
	ReloadAssembly (1567ms)
		BeginReloadAssembly (226ms)
			ExecutionOrderSort (0ms)
			DisableScriptedObjects (44ms)
			BackupInstance (0ms)
			ReleaseScriptingObjects (0ms)
			CreateAndSetChildDomain (44ms)
		EndReloadAssembly (1251ms)
			LoadAssemblies (157ms)
			RebuildTransferFunctionScriptingTraits (0ms)
			SetupTypeCache (374ms)
			ReleaseScriptCaches (1ms)
			RebuildScriptCaches (55ms)
			SetupLoadedEditorAssemblies (565ms)
				LogAssemblyErrors (0ms)
				InitializePlatformSupportModulesInManaged (7ms)
				SetLoadedEditorAssemblies (1ms)
				RefreshPlugins (1ms)
				BeforeProcessingInitializeOnLoad (122ms)
				ProcessInitializeOnLoadAttributes (418ms)
				ProcessInitializeOnLoadMethodAttributes (8ms)
				AfterProcessingInitializeOnLoad (8ms)
				EditorAssembliesLoaded (0ms)
			ExecutionOrderSort2 (0ms)
			AwakeInstancesAfterBackupRestoration (12ms)
Platform modules already initialized, skipping
Refreshing native plugins compatible for Editor in 0.69 ms, found 3 plugins.
Preloading 0 native plugins for Editor in 0.00 ms.
Unloading 2537 Unused Serialized files (Serialized files now loaded: 0)
System memory in use before: 116.4 MB.
System memory in use after: 116.5 MB.

Unloading 23 unused Assets to reduce memory usage. Loaded Objects now: 3007.
Total: 3.963100 ms (FindLiveObjects: 0.310600 ms CreateObjectMapping: 0.092000 ms MarkObjects: 3.378300 ms  DeleteObjects: 0.180500 ms)

AssetImportParameters requested are different than current active one (requested -> active):
  custom:framework-win-MediaFoundation: 216162199b28c13a410421893ffa2e32 -> 
  custom:video-decoder-ogg-theora: a1e56fd34408186e4bbccfd4996cb3dc -> 
  custom:container-muxer-webm: aa71ff27fc2769a1b78a27578f13a17b -> 
  custom:container-demuxer-webm: 4f35f7cbe854078d1ac9338744f61a02 -> 
  custom:container-demuxer-ogg: 62fdf1f143b41e24485cea50d1cbac27 -> 
  custom:video-encoder-webm-vp8: eb34c28f22e8b96e1ab97ce403110664 -> 
  custom:video-decoder-webm-vp8: 9c59270c3fd7afecdb556c50c9e8de78 -> 
  custom:audio-decoder-ogg-vorbis: bf7c407c2cedff20999df2af8eb42d56 -> 
  custom:audio-encoder-webm-vorbis: bf7c407c2cedff20999df2af8eb42d56 -> 
AssetImportWorkerClient::OnTransportError - code=2 error=End of file
